{"/Users/Cjj/cjj/learn/promise_learn/my_fetch.js":{"path":"/Users/Cjj/cjj/learn/promise_learn/my_fetch.js","s":{"1":1,"2":1,"3":1,"4":1,"5":6,"6":6,"7":6,"8":2,"9":6,"10":4,"11":4,"12":4,"13":10,"14":4,"15":4,"16":4,"17":1},"b":{"1":[1,3]},"f":{"1":6,"2":6,"3":4,"4":10,"5":4},"fnMap":{"1":{"name":"fetch","line":6,"loc":{"start":{"line":6,"column":0},"end":{"line":6,"column":28}}},"2":{"name":"(anonymous_2)","line":8,"loc":{"start":{"line":8,"column":20},"end":{"line":8,"column":46}}},"3":{"name":"(anonymous_3)","line":19,"loc":{"start":{"line":19,"column":35},"end":{"line":19,"column":49}}},"4":{"name":"(anonymous_4)","line":22,"loc":{"start":{"line":22,"column":18},"end":{"line":22,"column":33}}},"5":{"name":"(anonymous_5)","line":26,"loc":{"start":{"line":26,"column":17},"end":{"line":26,"column":28}}}},"statementMap":{"1":{"start":{"line":1,"column":0},"end":{"line":1,"column":27}},"2":{"start":{"line":2,"column":0},"end":{"line":2,"column":29}},"3":{"start":{"line":4,"column":0},"end":{"line":4,"column":49}},"4":{"start":{"line":6,"column":0},"end":{"line":32,"column":1}},"5":{"start":{"line":8,"column":1},"end":{"line":31,"column":3}},"6":{"start":{"line":11,"column":2},"end":{"line":15,"column":3}},"7":{"start":{"line":12,"column":3},"end":{"line":12,"column":44}},"8":{"start":{"line":14,"column":3},"end":{"line":14,"column":15}},"9":{"start":{"line":17,"column":2},"end":{"line":17,"column":59}},"10":{"start":{"line":19,"column":2},"end":{"line":29,"column":4}},"11":{"start":{"line":20,"column":3},"end":{"line":20,"column":18}},"12":{"start":{"line":22,"column":3},"end":{"line":24,"column":5}},"13":{"start":{"line":23,"column":4},"end":{"line":23,"column":18}},"14":{"start":{"line":26,"column":3},"end":{"line":28,"column":5}},"15":{"start":{"line":27,"column":4},"end":{"line":27,"column":17}},"16":{"start":{"line":30,"column":2},"end":{"line":30,"column":12}},"17":{"start":{"line":34,"column":0},"end":{"line":34,"column":23}}},"branchMap":{"1":{"line":17,"type":"cond-expr","locations":[{"start":{"line":17,"column":46},"end":{"line":17,"column":51}},{"start":{"line":17,"column":54},"end":{"line":17,"column":58}}]}}},"/Users/Cjj/cjj/learn/promise_learn/lib/optionsMerge.js":{"path":"/Users/Cjj/cjj/learn/promise_learn/lib/optionsMerge.js","s":{"1":1,"2":1,"3":1,"4":25,"5":11,"6":14,"7":14,"8":14,"9":14,"10":2,"11":12,"12":2,"13":10,"14":10,"15":10,"16":10,"17":10,"18":10,"19":10,"20":9,"21":10,"22":9,"23":10,"24":9,"25":1},"b":{"1":[11,14],"2":[14,12],"3":[0,14],"4":[2,12],"5":[14,12],"6":[2,10],"7":[12,6],"8":[10,9],"9":[10,8],"10":[10,10],"11":[9,1],"12":[9,1],"13":[9,1]},"f":{"1":25},"fnMap":{"1":{"name":"optionsMerge","line":10,"loc":{"start":{"line":10,"column":0},"end":{"line":10,"column":35}}}},"statementMap":{"1":{"start":{"line":1,"column":0},"end":{"line":1,"column":25}},"2":{"start":{"line":2,"column":0},"end":{"line":2,"column":41}},"3":{"start":{"line":10,"column":0},"end":{"line":40,"column":1}},"4":{"start":{"line":12,"column":1},"end":{"line":13,"column":39}},"5":{"start":{"line":13,"column":2},"end":{"line":13,"column":39}},"6":{"start":{"line":15,"column":1},"end":{"line":15,"column":19}},"7":{"start":{"line":16,"column":1},"end":{"line":16,"column":82}},"8":{"start":{"line":17,"column":1},"end":{"line":17,"column":34}},"9":{"start":{"line":19,"column":1},"end":{"line":20,"column":55}},"10":{"start":{"line":20,"column":2},"end":{"line":20,"column":55}},"11":{"start":{"line":22,"column":1},"end":{"line":23,"column":59}},"12":{"start":{"line":23,"column":2},"end":{"line":23,"column":59}},"13":{"start":{"line":25,"column":1},"end":{"line":25,"column":36}},"14":{"start":{"line":26,"column":1},"end":{"line":26,"column":36}},"15":{"start":{"line":27,"column":1},"end":{"line":27,"column":32}},"16":{"start":{"line":29,"column":1},"end":{"line":29,"column":38}},"17":{"start":{"line":30,"column":1},"end":{"line":30,"column":36}},"18":{"start":{"line":31,"column":1},"end":{"line":31,"column":35}},"19":{"start":{"line":33,"column":1},"end":{"line":34,"column":33}},"20":{"start":{"line":34,"column":2},"end":{"line":34,"column":33}},"21":{"start":{"line":35,"column":1},"end":{"line":36,"column":39}},"22":{"start":{"line":36,"column":2},"end":{"line":36,"column":39}},"23":{"start":{"line":37,"column":1},"end":{"line":38,"column":168}},"24":{"start":{"line":38,"column":2},"end":{"line":38,"column":168}},"25":{"start":{"line":42,"column":0},"end":{"line":42,"column":30}}},"branchMap":{"1":{"line":12,"type":"if","locations":[{"start":{"line":12,"column":1},"end":{"line":12,"column":1}},{"start":{"line":12,"column":1},"end":{"line":12,"column":1}}]},"2":{"line":15,"type":"binary-expr","locations":[{"start":{"line":15,"column":8},"end":{"line":15,"column":12}},{"start":{"line":15,"column":16},"end":{"line":15,"column":18}}]},"3":{"line":16,"type":"cond-expr","locations":[{"start":{"line":16,"column":30},"end":{"line":16,"column":75}},{"start":{"line":16,"column":79},"end":{"line":16,"column":81}}]},"4":{"line":19,"type":"if","locations":[{"start":{"line":19,"column":1},"end":{"line":19,"column":1}},{"start":{"line":19,"column":1},"end":{"line":19,"column":1}}]},"5":{"line":19,"type":"binary-expr","locations":[{"start":{"line":19,"column":5},"end":{"line":19,"column":24}},{"start":{"line":19,"column":28},"end":{"line":19,"column":47}}]},"6":{"line":22,"type":"if","locations":[{"start":{"line":22,"column":1},"end":{"line":22,"column":1}},{"start":{"line":22,"column":1},"end":{"line":22,"column":1}}]},"7":{"line":22,"type":"binary-expr","locations":[{"start":{"line":22,"column":5},"end":{"line":22,"column":35}},{"start":{"line":22,"column":39},"end":{"line":22,"column":70}}]},"8":{"line":29,"type":"binary-expr","locations":[{"start":{"line":29,"column":17},"end":{"line":29,"column":28}},{"start":{"line":29,"column":32},"end":{"line":29,"column":37}}]},"9":{"line":30,"type":"binary-expr","locations":[{"start":{"line":30,"column":17},"end":{"line":30,"column":29}},{"start":{"line":30,"column":33},"end":{"line":30,"column":35}}]},"10":{"line":31,"type":"binary-expr","locations":[{"start":{"line":31,"column":17},"end":{"line":31,"column":26}},{"start":{"line":31,"column":30},"end":{"line":31,"column":34}}]},"11":{"line":33,"type":"if","locations":[{"start":{"line":33,"column":1},"end":{"line":33,"column":1}},{"start":{"line":33,"column":1},"end":{"line":33,"column":1}}]},"12":{"line":35,"type":"if","locations":[{"start":{"line":35,"column":1},"end":{"line":35,"column":1}},{"start":{"line":35,"column":1},"end":{"line":35,"column":1}}]},"13":{"line":37,"type":"if","locations":[{"start":{"line":37,"column":1},"end":{"line":37,"column":1}},{"start":{"line":37,"column":1},"end":{"line":37,"column":1}}]}}}}