TN:
SF:/Users/Cjj/cjj/learn/promise_learn/my_fetch.js
FN:6,fetch
FN:8,(anonymous_2)
FN:19,(anonymous_3)
FN:22,(anonymous_4)
FN:26,(anonymous_5)
FNF:5
FNH:5
FNDA:6,fetch
FNDA:6,(anonymous_2)
FNDA:4,(anonymous_3)
FNDA:10,(anonymous_4)
FNDA:4,(anonymous_5)
DA:1,1
DA:2,1
DA:4,1
DA:6,1
DA:8,6
DA:11,6
DA:12,6
DA:14,2
DA:17,6
DA:19,4
DA:20,4
DA:22,4
DA:23,10
DA:26,4
DA:27,4
DA:30,4
DA:34,1
LF:17
LH:17
BRDA:17,1,0,1
BRDA:17,1,1,3
BRF:2
BRH:2
end_of_record
TN:
SF:/Users/Cjj/cjj/learn/promise_learn/lib/optionsMerge.js
FN:10,optionsMerge
FNF:1
FNH:1
FNDA:25,optionsMerge
DA:1,1
DA:2,1
DA:10,1
DA:12,25
DA:13,11
DA:15,14
DA:16,14
DA:17,14
DA:19,14
DA:20,2
DA:22,12
DA:23,2
DA:25,10
DA:26,10
DA:27,10
DA:29,10
DA:30,10
DA:31,10
DA:33,10
DA:34,9
DA:35,10
DA:36,9
DA:37,10
DA:38,9
DA:42,1
LF:25
LH:25
BRDA:12,1,0,11
BRDA:12,1,1,14
BRDA:15,2,0,14
BRDA:15,2,1,12
BRDA:16,3,0,0
BRDA:16,3,1,14
BRDA:19,4,0,2
BRDA:19,4,1,12
BRDA:19,5,0,14
BRDA:19,5,1,12
BRDA:22,6,0,2
BRDA:22,6,1,10
BRDA:22,7,0,12
BRDA:22,7,1,6
BRDA:29,8,0,10
BRDA:29,8,1,9
BRDA:30,9,0,10
BRDA:30,9,1,8
BRDA:31,10,0,10
BRDA:31,10,1,10
BRDA:33,11,0,9
BRDA:33,11,1,1
BRDA:35,12,0,9
BRDA:35,12,1,1
BRDA:37,13,0,9
BRDA:37,13,1,1
BRF:26
BRH:25
end_of_record
